<?xml version="1.0" encoding="UTF-8"?>
<!-- Generated by org.testng.reporters.JUnitXMLReporter -->
<testsuite hostname="Quantiphi-460" ignored="0" name="Default test" tests="5" failures="0" timestamp="2020-06-24T23:41:14 IST" time="3.094" errors="0">
  <testcase name="CheckResponseBody" time="0.026" classname="restAutomation.TC01_GetRequest"/>
  <testcase name="Get_StatusCode" time="0.001" classname="restAutomation.TC01_GetRequest"/>
  <testcase name="Get_ContentType" time="0.001" classname="restAutomation.TC01_GetRequest"/>
  <testcase name="ResponseLastName" time="0.54" classname="restAutomation.TC01_GetRequest"/>
  <testcase name="ResponseFirstName" time="0.013" classname="restAutomation.TC01_GetRequest"/>
</testsuite> <!-- Default test -->
